[2025-05-10 13:57:56] info: 	z2m: Logging to console, file (filename: log.log)
[2025-05-10 13:57:56] info: 	z2m: Starting Zigbee2MQTT version 2.3.0 (commit #unknown)
[2025-05-10 13:57:56] info: 	z2m: Starting zigbee-herdsman (4.0.0)
[2025-05-10 13:57:56] info: 	zh:zstack:znp: Opening SerialPort with {"path":"/dev/ttyUSB0","baudRate":115200,"rtscts":false,"autoOpen":false}
[2025-05-10 13:57:56] info: 	zh:zstack:znp: Serialport opened
[2025-05-10 13:57:57] info: 	zh:zstack:znp: Writing CC2530/CC2531 skip bootloader payload
[2025-05-10 13:57:58] info: 	zh:zstack:znp: Skip bootloader for CC2652/CC1352
[2025-05-10 13:58:08] info: 	z2m: zigbee-herdsman started (resumed)
[2025-05-10 13:58:08] info: 	z2m: Coordinator firmware version: '{"meta":{"maintrel":1,"majorrel":2,"minorrel":7,"product":1,"revision":20240710,"transportrev":2},"type":"ZStack3x0"}'
[2025-05-10 13:58:08] info: 	z2m: Currently 0 devices are joined.
[2025-05-10 13:58:08] info: 	z2m: Connecting to MQTT server at mqtt://192.168.31.104:1883
[2025-05-10 13:58:08] info: 	z2m: Connected to MQTT server
[2025-05-10 13:58:08] info: 	z2m:mqtt: MQTT publish: topic 'zigbee2mqtt/bridge/state', payload '{"state":"online"}'
[2025-05-10 13:58:08] info: 	z2m: Started frontend on port 8099
[2025-05-10 13:58:09] info: 	z2m: Zigbee2MQTT started!
[2025-05-10 13:58:14] info: 	z2m:mqtt: MQTT publish: topic 'homeassistant/binary_sensor/1221051039810110150109113116116_0x00124b0030e9f7a2/connection_state/config', payload '{"device":{"hw_version":"ZStack3x0 20240710","identifiers":["zigbee2mqtt_bridge_0x00124b0030e9f7a2"],"manufacturer":"Zigbee2MQTT","model":"Bridge","name":"Zigbee2MQTT Bridge","sw_version":"2.3.0"},"device_class":"connectivity","entity_category":"diagnostic","name":"Connection state","object_id":"zigbee2mqtt_bridge_connection_state","origin":{"name":"Zigbee2MQTT","sw":"2.3.0","url":"https://www.zigbee2mqtt.io"},"payload_off":"offline","payload_on":"online","state_topic":"zigbee2mqtt/bridge/state","unique_id":"bridge_0x00124b0030e9f7a2_connection_state_zigbee2mqtt","value_template":"{{ value_json.state }}"}'
[2025-05-10 13:58:14] info: 	z2m:mqtt: MQTT publish: topic 'homeassistant/binary_sensor/1221051039810110150109113116116_0x00124b0030e9f7a2/restart_required/config', payload '{"availability":[{"topic":"zigbee2mqtt/bridge/state","value_template":"{{ value_json.state }}"}],"availability_mode":"all","device":{"hw_version":"ZStack3x0 20240710","identifiers":["zigbee2mqtt_bridge_0x00124b0030e9f7a2"],"manufacturer":"Zigbee2MQTT","model":"Bridge","name":"Zigbee2MQTT Bridge","sw_version":"2.3.0"},"device_class":"problem","enabled_by_default":false,"entity_category":"diagnostic","name":"Restart required","object_id":"zigbee2mqtt_bridge_restart_required","origin":{"name":"Zigbee2MQTT","sw":"2.3.0","url":"https://www.zigbee2mqtt.io"},"payload_off":false,"payload_on":true,"state_topic":"zigbee2mqtt/bridge/info","unique_id":"bridge_0x00124b0030e9f7a2_restart_required_zigbee2mqtt","value_template":"{{ value_json.restart_required }}"}'
[2025-05-10 13:58:14] info: 	z2m:mqtt: MQTT publish: topic 'homeassistant/button/1221051039810110150109113116116_0x00124b0030e9f7a2/restart/config', payload '{"availability":[{"topic":"zigbee2mqtt/bridge/state","value_template":"{{ value_json.state }}"}],"availability_mode":"all","command_topic":"zigbee2mqtt/bridge/request/restart","device":{"hw_version":"ZStack3x0 20240710","identifiers":["zigbee2mqtt_bridge_0x00124b0030e9f7a2"],"manufacturer":"Zigbee2MQTT","model":"Bridge","name":"Zigbee2MQTT Bridge","sw_version":"2.3.0"},"device_class":"restart","name":"Restart","object_id":"zigbee2mqtt_bridge_restart","origin":{"name":"Zigbee2MQTT","sw":"2.3.0","url":"https://www.zigbee2mqtt.io"},"payload_press":"","unique_id":"bridge_0x00124b0030e9f7a2_restart_zigbee2mqtt"}'
[2025-05-10 13:58:14] info: 	z2m:mqtt: MQTT publish: topic 'homeassistant/select/1221051039810110150109113116116_0x00124b0030e9f7a2/log_level/config', payload '{"availability":[{"topic":"zigbee2mqtt/bridge/state","value_template":"{{ value_json.state }}"}],"availability_mode":"all","command_template":"{\"options\": {\"advanced\": {\"log_level\": \"{{ value }}\" } } }","command_topic":"zigbee2mqtt/bridge/request/options","device":{"hw_version":"ZStack3x0 20240710","identifiers":["zigbee2mqtt_bridge_0x00124b0030e9f7a2"],"manufacturer":"Zigbee2MQTT","model":"Bridge","name":"Zigbee2MQTT Bridge","sw_version":"2.3.0"},"entity_category":"config","name":"Log level","object_id":"zigbee2mqtt_bridge_log_level","options":["error","warning","info","debug"],"origin":{"name":"Zigbee2MQTT","sw":"2.3.0","url":"https://www.zigbee2mqtt.io"},"state_topic":"zigbee2mqtt/bridge/info","unique_id":"bridge_0x00124b0030e9f7a2_log_level_zigbee2mqtt","value_template":"{{ value_json.log_level | lower }}"}'
[2025-05-10 13:58:14] info: 	z2m:mqtt: MQTT publish: topic 'homeassistant/sensor/1221051039810110150109113116116_0x00124b0030e9f7a2/version/config', payload '{"availability":[{"topic":"zigbee2mqtt/bridge/state","value_template":"{{ value_json.state }}"}],"availability_mode":"all","device":{"hw_version":"ZStack3x0 20240710","identifiers":["zigbee2mqtt_bridge_0x00124b0030e9f7a2"],"manufacturer":"Zigbee2MQTT","model":"Bridge","name":"Zigbee2MQTT Bridge","sw_version":"2.3.0"},"entity_category":"diagnostic","icon":"mdi:zigbee","name":"Version","object_id":"zigbee2mqtt_bridge_version","origin":{"name":"Zigbee2MQTT","sw":"2.3.0","url":"https://www.zigbee2mqtt.io"},"state_topic":"zigbee2mqtt/bridge/info","unique_id":"bridge_0x00124b0030e9f7a2_version_zigbee2mqtt","value_template":"{{ value_json.version }}"}'
[2025-05-10 13:58:14] info: 	z2m:mqtt: MQTT publish: topic 'homeassistant/sensor/1221051039810110150109113116116_0x00124b0030e9f7a2/coordinator_version/config', payload '{"availability":[{"topic":"zigbee2mqtt/bridge/state","value_template":"{{ value_json.state }}"}],"availability_mode":"all","device":{"hw_version":"ZStack3x0 20240710","identifiers":["zigbee2mqtt_bridge_0x00124b0030e9f7a2"],"manufacturer":"Zigbee2MQTT","model":"Bridge","name":"Zigbee2MQTT Bridge","sw_version":"2.3.0"},"enabled_by_default":false,"entity_category":"diagnostic","icon":"mdi:chip","name":"Coordinator version","object_id":"zigbee2mqtt_bridge_coordinator_version","origin":{"name":"Zigbee2MQTT","sw":"2.3.0","url":"https://www.zigbee2mqtt.io"},"state_topic":"zigbee2mqtt/bridge/info","unique_id":"bridge_0x00124b0030e9f7a2_coordinator_version_zigbee2mqtt","value_template":"{{ value_json.coordinator.meta.revision }}"}'
[2025-05-10 13:58:14] info: 	z2m:mqtt: MQTT publish: topic 'homeassistant/sensor/1221051039810110150109113116116_0x00124b0030e9f7a2/network_map/config', payload '{"availability":[{"topic":"zigbee2mqtt/bridge/state","value_template":"{{ value_json.state }}"}],"availability_mode":"all","device":{"hw_version":"ZStack3x0 20240710","identifiers":["zigbee2mqtt_bridge_0x00124b0030e9f7a2"],"manufacturer":"Zigbee2MQTT","model":"Bridge","name":"Zigbee2MQTT Bridge","sw_version":"2.3.0"},"enabled_by_default":false,"entity_category":"diagnostic","json_attributes_template":"{{ value_json.data.value | tojson }}","json_attributes_topic":"zigbee2mqtt/bridge/response/networkmap","name":"Network map","object_id":"zigbee2mqtt_bridge_network_map","origin":{"name":"Zigbee2MQTT","sw":"2.3.0","url":"https://www.zigbee2mqtt.io"},"state_topic":"zigbee2mqtt/bridge/response/networkmap","unique_id":"bridge_0x00124b0030e9f7a2_network_map_zigbee2mqtt","value_template":"{{ now().strftime('%Y-%m-%d %H:%M:%S') }}"}'
[2025-05-10 13:58:14] info: 	z2m:mqtt: MQTT publish: topic 'homeassistant/switch/1221051039810110150109113116116_0x00124b0030e9f7a2/permit_join/config', payload '{"availability":[{"topic":"zigbee2mqtt/bridge/state","value_template":"{{ value_json.state }}"}],"availability_mode":"all","command_topic":"zigbee2mqtt/bridge/request/permit_join","device":{"hw_version":"ZStack3x0 20240710","identifiers":["zigbee2mqtt_bridge_0x00124b0030e9f7a2"],"manufacturer":"Zigbee2MQTT","model":"Bridge","name":"Zigbee2MQTT Bridge","sw_version":"2.3.0"},"icon":"mdi:human-greeting-proximity","name":"Permit join","object_id":"zigbee2mqtt_bridge_permit_join","origin":{"name":"Zigbee2MQTT","sw":"2.3.0","url":"https://www.zigbee2mqtt.io"},"payload_off":"{\"time\": 0}","payload_on":"{\"time\": 254}","state_off":"false","state_on":"true","state_topic":"zigbee2mqtt/bridge/info","unique_id":"bridge_0x00124b0030e9f7a2_permit_join_zigbee2mqtt","value_template":"{{ value_json.permit_join | lower }}"}'
[2025-05-10 13:59:26] info: 	z2m: Zigbee: allowing new devices to join.
[2025-05-10 13:59:26] info: 	z2m:mqtt: MQTT publish: topic 'zigbee2mqtt/bridge/response/permit_join', payload '{"data":{"time":254},"status":"ok","transaction":"9njik-1"}'
[2025-05-10 13:59:30] info: 	z2m: Zigbee: disabling joining new devices.
[2025-05-10 13:59:30] info: 	z2m:mqtt: MQTT publish: topic 'zigbee2mqtt/bridge/response/permit_join', payload '{"data":{"time":0},"status":"ok","transaction":"9njik-2"}'
[2025-05-10 14:02:26] info: 	z2m: Zigbee: allowing new devices to join.
[2025-05-10 14:02:26] info: 	z2m:mqtt: MQTT publish: topic 'zigbee2mqtt/bridge/response/permit_join', payload '{"data":{"time":254},"status":"ok","transaction":"ephiz-1"}'
[2025-05-10 14:04:21] info: 	z2m: Zigbee: disabling joining new devices.
[2025-05-10 14:04:22] info: 	z2m:mqtt: MQTT publish: topic 'zigbee2mqtt/bridge/response/permit_join', payload '{"data":{"time":0},"status":"ok","transaction":"78kkd-1"}'
[2025-05-10 14:04:23] info: 	z2m: Zigbee: allowing new devices to join.
[2025-05-10 14:04:23] info: 	z2m:mqtt: MQTT publish: topic 'zigbee2mqtt/bridge/response/permit_join', payload '{"data":{"time":254},"status":"ok","transaction":"78kkd-2"}'
[2025-05-10 14:05:22] info: 	zh:controller: Interview for '0x000d6f0016689396' started
[2025-05-10 14:05:22] info: 	z2m: Device '0x000d6f0016689396' joined
[2025-05-10 14:05:22] info: 	z2m: Starting interview of '0x000d6f0016689396'
[2025-05-10 14:05:22] info: 	z2m:mqtt: MQTT publish: topic 'zigbee2mqtt/bridge/event', payload '{"data":{"friendly_name":"0x000d6f0016689396","ieee_address":"0x000d6f0016689396"},"type":"device_joined"}'
[2025-05-10 14:05:22] info: 	z2m:mqtt: MQTT publish: topic 'zigbee2mqtt/bridge/event', payload '{"data":{"friendly_name":"0x000d6f0016689396","ieee_address":"0x000d6f0016689396","status":"started"},"type":"device_interview"}'
[2025-05-10 14:05:23] info: 	z2m:mqtt: MQTT publish: topic 'zigbee2mqtt/bridge/event', payload '{"data":{"friendly_name":"0x000d6f0016689396","ieee_address":"0x000d6f0016689396"},"type":"device_announce"}'
[2025-05-10 14:05:23] info: 	z2m:mqtt: MQTT publish: topic 'zigbee2mqtt/bridge/event', payload '{"data":{"friendly_name":"0x000d6f0016689396","ieee_address":"0x000d6f0016689396"},"type":"device_announce"}'
[2025-05-10 14:05:23] info: 	zh:controller:device: Device '0x000d6f0016689396' is only compliant to revision 'pre-21' of the ZigBee specification (current revision: 23).
[2025-05-10 14:05:37] error: 	zh:controller: Interview failed for '0x000d6f0016689396 with error 'Error: AREQ - ZDO - simpleDescRsp after 10000ms'
[2025-05-10 14:05:37] error: 	z2m: Failed to interview '0x000d6f0016689396', device has not successfully been paired
[2025-05-10 14:05:37] info: 	z2m:mqtt: MQTT publish: topic 'homeassistant/sensor/0x000d6f0016689396/linkquality/config', payload '{"availability":[{"topic":"zigbee2mqtt/bridge/state","value_template":"{{ value_json.state }}"}],"device":{"identifiers":["zigbee2mqtt_0x000d6f0016689396"],"manufacturer":"","model":"Automatically generated definition","model_id":"","name":"0x000d6f0016689396","via_device":"zigbee2mqtt_bridge_0x00124b0030e9f7a2"},"enabled_by_default":false,"entity_category":"diagnostic","icon":"mdi:signal","name":"Linkquality","object_id":"0x000d6f0016689396_linkquality","origin":{"name":"Zigbee2MQTT","sw":"2.3.0","url":"https://www.zigbee2mqtt.io"},"state_class":"measurement","state_topic":"zigbee2mqtt/0x000d6f0016689396","unique_id":"0x000d6f0016689396_linkquality_zigbee2mqtt","unit_of_measurement":"lqi","value_template":"{{ value_json.linkquality }}"}'
[2025-05-10 14:05:37] info: 	z2m:mqtt: MQTT publish: topic 'zigbee2mqtt/bridge/event', payload '{"data":{"friendly_name":"0x000d6f0016689396","ieee_address":"0x000d6f0016689396","status":"failed"},"type":"device_interview"}'
[2025-05-10 14:05:49] info: 	z2m:mqtt: MQTT publish: topic 'zigbee2mqtt/bridge/response/device/configure', payload '{"data":{},"error":"Device '0x000d6f0016689396' cannot be configured","status":"error","transaction":"hxfo5-1"}'
[2025-05-10 14:05:55] info: 	z2m: Interviewing '0x000d6f0016689396'
[2025-05-10 14:06:22] info: 	z2m:mqtt: MQTT publish: topic 'zigbee2mqtt/0x000d6f0016689396', payload ''
[2025-05-10 14:06:22] info: 	z2m:mqtt: MQTT publish: topic 'homeassistant/sensor/0x000d6f0016689396/linkquality/config', payload ''
[2025-05-10 14:06:22] info: 	z2m:mqtt: MQTT publish: topic 'zigbee2mqtt/烟雾报警器', payload '{"linkquality":255}'
[2025-05-10 14:06:22] info: 	z2m:mqtt: MQTT publish: topic 'zigbee2mqtt/bridge/response/device/rename', payload '{"data":{"from":"0x000d6f0016689396","homeassistant_rename":true,"to":"烟雾报警器"},"status":"ok","transaction":"aqfzo-1"}'
[2025-05-10 14:07:15] error: 	z2m: Request 'zigbee2mqtt/bridge/request/device/interview' failed with error: 'interview of '烟雾报警器' (0x000d6f0016689396) failed: Error: Interview failed because can not get active endpoints ('0x000d6f0016689396')'
[2025-05-10 14:07:15] info: 	z2m:mqtt: MQTT publish: topic 'zigbee2mqtt/bridge/response/device/interview', payload '{"data":{},"error":"interview of '烟雾报警器' (0x000d6f0016689396) failed: Error: Interview failed because can not get active endpoints ('0x000d6f0016689396')","status":"error","transaction":"hxfo5-2"}'
[2025-05-10 14:08:02] info: 	z2m:mqtt: MQTT publish: topic 'zigbee2mqtt/bridge/response/device/configure', payload '{"data":{},"error":"Device '烟雾报警器' cannot be configured","status":"error","transaction":"80wzg-1"}'
[2025-05-10 14:12:40] info: 	z2m: Zigbee: allowing new devices to join.
[2025-05-10 14:12:40] info: 	z2m:mqtt: MQTT publish: topic 'zigbee2mqtt/bridge/response/permit_join', payload '{"data":{"time":254},"status":"ok","transaction":"msu5f-1"}'
[2025-05-10 14:13:52] info: 	z2m: Zigbee: disabling joining new devices.
[2025-05-10 14:13:52] info: 	z2m:mqtt: MQTT publish: topic 'zigbee2mqtt/bridge/response/permit_join', payload '{"data":{"time":0},"status":"ok","transaction":"r5qup-1"}'
[2025-05-10 14:13:53] info: 	z2m: Zigbee: allowing new devices to join.
[2025-05-10 14:13:53] info: 	z2m:mqtt: MQTT publish: topic 'zigbee2mqtt/bridge/response/permit_join', payload '{"data":{"time":254},"status":"ok","transaction":"r5qup-2"}'
[2025-05-10 14:15:48] info: 	z2m: Zigbee: disabling joining new devices.
[2025-05-10 14:15:48] info: 	z2m:mqtt: MQTT publish: topic 'zigbee2mqtt/bridge/response/permit_join', payload '{"data":{"time":0},"status":"ok","transaction":"syjix-1"}'
[2025-05-10 14:15:49] info: 	z2m: Zigbee: allowing new devices to join.
[2025-05-10 14:15:49] info: 	z2m:mqtt: MQTT publish: topic 'zigbee2mqtt/bridge/response/permit_join', payload '{"data":{"time":254},"status":"ok","transaction":"syjix-2"}'
[2025-05-10 14:17:49] info: 	z2m: Zigbee: disabling joining new devices.
[2025-05-10 14:17:49] info: 	z2m:mqtt: MQTT publish: topic 'zigbee2mqtt/bridge/response/permit_join', payload '{"data":{"time":0},"status":"ok","transaction":"axzzt-1"}'
[2025-05-10 14:17:50] info: 	z2m: Zigbee: allowing new devices to join.
[2025-05-10 14:17:50] info: 	z2m:mqtt: MQTT publish: topic 'zigbee2mqtt/bridge/response/permit_join', payload '{"data":{"time":254},"status":"ok","transaction":"axzzt-2"}'
[2025-05-10 14:19:11] info: 	z2m: Zigbee: disabling joining new devices.
[2025-05-10 14:19:11] info: 	z2m:mqtt: MQTT publish: topic 'zigbee2mqtt/bridge/response/permit_join', payload '{"data":{"time":0},"status":"ok","transaction":"qfmyk-1"}'
[2025-05-10 14:19:12] info: 	z2m: Zigbee: allowing new devices to join.
[2025-05-10 14:19:12] info: 	z2m:mqtt: MQTT publish: topic 'zigbee2mqtt/bridge/response/permit_join', payload '{"data":{"time":254},"status":"ok","transaction":"qfmyk-2"}'
[2025-05-10 14:20:16] info: 	z2m: Zigbee: disabling joining new devices.
[2025-05-10 14:20:16] info: 	z2m:mqtt: MQTT publish: topic 'zigbee2mqtt/bridge/response/permit_join', payload '{"data":{"time":0},"status":"ok","transaction":"yhwmz-1"}'
[2025-05-10 14:20:17] info: 	z2m: Zigbee: allowing new devices to join.
[2025-05-10 14:20:17] info: 	z2m:mqtt: MQTT publish: topic 'zigbee2mqtt/bridge/response/permit_join', payload '{"data":{"time":254},"status":"ok","transaction":"yhwmz-2"}'
[2025-05-10 14:20:37] info: 	zh:controller: Interview for '0x000d6f00164551d1' started
[2025-05-10 14:20:37] info: 	z2m: Device '0x000d6f00164551d1' joined
[2025-05-10 14:20:38] info: 	z2m: Starting interview of '0x000d6f00164551d1'
[2025-05-10 14:20:38] info: 	z2m:mqtt: MQTT publish: topic 'zigbee2mqtt/bridge/event', payload '{"data":{"friendly_name":"0x000d6f00164551d1","ieee_address":"0x000d6f00164551d1"},"type":"device_joined"}'
[2025-05-10 14:20:38] info: 	z2m:mqtt: MQTT publish: topic 'zigbee2mqtt/bridge/event', payload '{"data":{"friendly_name":"0x000d6f00164551d1","ieee_address":"0x000d6f00164551d1","status":"started"},"type":"device_interview"}'
[2025-05-10 14:20:38] info: 	zh:controller:device: Device '0x000d6f00164551d1' is only compliant to revision 'pre-21' of the ZigBee specification (current revision: 23).
[2025-05-10 14:20:38] info: 	z2m:mqtt: MQTT publish: topic 'zigbee2mqtt/bridge/event', payload '{"data":{"friendly_name":"0x000d6f00164551d1","ieee_address":"0x000d6f00164551d1"},"type":"device_announce"}'
[2025-05-10 14:20:38] info: 	z2m:mqtt: MQTT publish: topic 'zigbee2mqtt/bridge/event', payload '{"data":{"friendly_name":"0x000d6f00164551d1","ieee_address":"0x000d6f00164551d1"},"type":"device_announce"}'
[2025-05-10 14:20:40] info: 	zh:controller: Succesfully interviewed '0x000d6f00164551d1'
[2025-05-10 14:20:40] info: 	z2m: Successfully interviewed '0x000d6f00164551d1', device has successfully been paired
[2025-05-10 14:20:40] warning: 	z2m: Device '0x000d6f00164551d1' with Zigbee model 'HY0022' and manufacturer name 'REXENSE' is NOT supported, please follow https://www.zigbee2mqtt.io/advanced/support-new-devices/01_support_new_devices.html
[2025-05-10 14:20:40] info: 	z2m:mqtt: MQTT publish: topic 'homeassistant/binary_sensor/0x000d6f00164551d1/alarm_1/config', payload '{"availability":[{"topic":"zigbee2mqtt/bridge/state","value_template":"{{ value_json.state }}"}],"device":{"hw_version":2,"identifiers":["zigbee2mqtt_0x000d6f00164551d1"],"manufacturer":"REXENSE","model":"Automatically generated definition","model_id":"HY0022","name":"0x000d6f00164551d1","sw_version":"20181113 14:12","via_device":"zigbee2mqtt_bridge_0x00124b0030e9f7a2"},"name":"Alarm 1","object_id":"0x000d6f00164551d1_alarm_1","origin":{"name":"Zigbee2MQTT","sw":"2.3.0","url":"https://www.zigbee2mqtt.io"},"payload_off":false,"payload_on":true,"state_topic":"zigbee2mqtt/0x000d6f00164551d1","unique_id":"0x000d6f00164551d1_alarm_1_zigbee2mqtt","value_template":"{{ value_json.alarm_1 }}"}'
[2025-05-10 14:20:40] info: 	z2m:mqtt: MQTT publish: topic 'zigbee2mqtt/bridge/event', payload '{"data":{"definition":{"description":"Automatically generated definition","exposes":[{"access":1,"description":"Indicates whether IAS Zone alarm 1 is active","label":"Alarm 1","name":"alarm_1","property":"alarm_1","type":"binary","value_off":false,"value_on":true},{"access":1,"description":"Indicates whether IAS Zone alarm 2 is active","label":"Alarm 2","name":"alarm_2","property":"alarm_2","type":"binary","value_off":false,"value_on":true},{"access":1,"category":"diagnostic","description":"Indicates whether the device is tampered","label":"Tamper","name":"tamper","property":"tamper","type":"binary","value_off":false,"value_on":true},{"access":1,"category":"diagnostic","description":"Indicates whether the battery of the device is almost empty","label":"Battery low","name":"battery_low","property":"battery_low","type":"binary","value_off":false,"value_on":true},{"access":1,"category":"diagnostic","description":"Link quality (signal strength)","label":"Linkquality","name":"linkquality","property":"linkquality","type":"numeric","unit":"lqi","value_max":255,"value_min":0}],"model":"HY0022","options":[],"supports_ota":false,"vendor":"REXENSE"},"friendly_name":"0x000d6f00164551d1","ieee_address":"0x000d6f00164551d1","status":"successful","supported":false},"type":"device_interview"}'
[2025-05-10 14:20:40] info: 	z2m:mqtt: MQTT publish: topic 'homeassistant/binary_sensor/0x000d6f00164551d1/alarm_2/config', payload '{"availability":[{"topic":"zigbee2mqtt/bridge/state","value_template":"{{ value_json.state }}"}],"device":{"hw_version":2,"identifiers":["zigbee2mqtt_0x000d6f00164551d1"],"manufacturer":"REXENSE","model":"Automatically generated definition","model_id":"HY0022","name":"0x000d6f00164551d1","sw_version":"20181113 14:12","via_device":"zigbee2mqtt_bridge_0x00124b0030e9f7a2"},"name":"Alarm 2","object_id":"0x000d6f00164551d1_alarm_2","origin":{"name":"Zigbee2MQTT","sw":"2.3.0","url":"https://www.zigbee2mqtt.io"},"payload_off":false,"payload_on":true,"state_topic":"zigbee2mqtt/0x000d6f00164551d1","unique_id":"0x000d6f00164551d1_alarm_2_zigbee2mqtt","value_template":"{{ value_json.alarm_2 }}"}'
[2025-05-10 14:20:40] info: 	z2m:mqtt: MQTT publish: topic 'homeassistant/binary_sensor/0x000d6f00164551d1/tamper/config', payload '{"availability":[{"topic":"zigbee2mqtt/bridge/state","value_template":"{{ value_json.state }}"}],"device":{"hw_version":2,"identifiers":["zigbee2mqtt_0x000d6f00164551d1"],"manufacturer":"REXENSE","model":"Automatically generated definition","model_id":"HY0022","name":"0x000d6f00164551d1","sw_version":"20181113 14:12","via_device":"zigbee2mqtt_bridge_0x00124b0030e9f7a2"},"device_class":"tamper","entity_category":"diagnostic","object_id":"0x000d6f00164551d1_tamper","origin":{"name":"Zigbee2MQTT","sw":"2.3.0","url":"https://www.zigbee2mqtt.io"},"payload_off":false,"payload_on":true,"state_topic":"zigbee2mqtt/0x000d6f00164551d1","unique_id":"0x000d6f00164551d1_tamper_zigbee2mqtt","value_template":"{{ value_json.tamper }}"}'
[2025-05-10 14:20:40] info: 	z2m:mqtt: MQTT publish: topic 'homeassistant/binary_sensor/0x000d6f00164551d1/battery_low/config', payload '{"availability":[{"topic":"zigbee2mqtt/bridge/state","value_template":"{{ value_json.state }}"}],"device":{"hw_version":2,"identifiers":["zigbee2mqtt_0x000d6f00164551d1"],"manufacturer":"REXENSE","model":"Automatically generated definition","model_id":"HY0022","name":"0x000d6f00164551d1","sw_version":"20181113 14:12","via_device":"zigbee2mqtt_bridge_0x00124b0030e9f7a2"},"device_class":"battery","entity_category":"diagnostic","object_id":"0x000d6f00164551d1_battery_low","origin":{"name":"Zigbee2MQTT","sw":"2.3.0","url":"https://www.zigbee2mqtt.io"},"payload_off":false,"payload_on":true,"state_topic":"zigbee2mqtt/0x000d6f00164551d1","unique_id":"0x000d6f00164551d1_battery_low_zigbee2mqtt","value_template":"{{ value_json.battery_low }}"}'
[2025-05-10 14:20:40] info: 	z2m:mqtt: MQTT publish: topic 'homeassistant/sensor/0x000d6f00164551d1/linkquality/config', payload '{"availability":[{"topic":"zigbee2mqtt/bridge/state","value_template":"{{ value_json.state }}"}],"device":{"hw_version":2,"identifiers":["zigbee2mqtt_0x000d6f00164551d1"],"manufacturer":"REXENSE","model":"Automatically generated definition","model_id":"HY0022","name":"0x000d6f00164551d1","sw_version":"20181113 14:12","via_device":"zigbee2mqtt_bridge_0x00124b0030e9f7a2"},"enabled_by_default":false,"entity_category":"diagnostic","icon":"mdi:signal","name":"Linkquality","object_id":"0x000d6f00164551d1_linkquality","origin":{"name":"Zigbee2MQTT","sw":"2.3.0","url":"https://www.zigbee2mqtt.io"},"state_class":"measurement","state_topic":"zigbee2mqtt/0x000d6f00164551d1","unique_id":"0x000d6f00164551d1_linkquality_zigbee2mqtt","unit_of_measurement":"lqi","value_template":"{{ value_json.linkquality }}"}'
[2025-05-10 14:21:25] info: 	z2m:mqtt: MQTT publish: topic 'zigbee2mqtt/0x000d6f00164551d1', payload ''
[2025-05-10 14:21:25] info: 	z2m:mqtt: MQTT publish: topic 'homeassistant/binary_sensor/0x000d6f00164551d1/alarm_1/config', payload ''
[2025-05-10 14:21:25] info: 	z2m:mqtt: MQTT publish: topic 'zigbee2mqtt/燃气报警器', payload '{"alarm_1":null,"alarm_2":null,"battery_low":null,"linkquality":131,"tamper":null}'
[2025-05-10 14:21:25] info: 	z2m:mqtt: MQTT publish: topic 'zigbee2mqtt/bridge/response/device/rename', payload '{"data":{"from":"0x000d6f00164551d1","homeassistant_rename":true,"to":"燃气报警器"},"status":"ok","transaction":"yhwmz-3"}'
[2025-05-10 14:21:25] info: 	z2m:mqtt: MQTT publish: topic 'homeassistant/binary_sensor/0x000d6f00164551d1/alarm_2/config', payload ''
[2025-05-10 14:21:25] info: 	z2m:mqtt: MQTT publish: topic 'homeassistant/binary_sensor/0x000d6f00164551d1/tamper/config', payload ''
[2025-05-10 14:21:26] info: 	z2m:mqtt: MQTT publish: topic 'homeassistant/binary_sensor/0x000d6f00164551d1/battery_low/config', payload ''
[2025-05-10 14:21:26] info: 	z2m:mqtt: MQTT publish: topic 'homeassistant/sensor/0x000d6f00164551d1/linkquality/config', payload ''
[2025-05-10 14:21:28] info: 	z2m:mqtt: MQTT publish: topic 'homeassistant/binary_sensor/0x000d6f00164551d1/alarm_1/config', payload '{"availability":[{"topic":"zigbee2mqtt/bridge/state","value_template":"{{ value_json.state }}"}],"device":{"hw_version":2,"identifiers":["zigbee2mqtt_0x000d6f00164551d1"],"manufacturer":"REXENSE","model":"Automatically generated definition","model_id":"HY0022","name":"燃气报警器","sw_version":"20181113 14:12","via_device":"zigbee2mqtt_bridge_0x00124b0030e9f7a2"},"name":"Alarm 1","object_id":"燃气报警器_alarm_1","origin":{"name":"Zigbee2MQTT","sw":"2.3.0","url":"https://www.zigbee2mqtt.io"},"payload_off":false,"payload_on":true,"state_topic":"zigbee2mqtt/燃气报警器","unique_id":"0x000d6f00164551d1_alarm_1_zigbee2mqtt","value_template":"{{ value_json.alarm_1 }}"}'
[2025-05-10 14:21:28] info: 	z2m:mqtt: MQTT publish: topic 'homeassistant/binary_sensor/0x000d6f00164551d1/alarm_2/config', payload '{"availability":[{"topic":"zigbee2mqtt/bridge/state","value_template":"{{ value_json.state }}"}],"device":{"hw_version":2,"identifiers":["zigbee2mqtt_0x000d6f00164551d1"],"manufacturer":"REXENSE","model":"Automatically generated definition","model_id":"HY0022","name":"燃气报警器","sw_version":"20181113 14:12","via_device":"zigbee2mqtt_bridge_0x00124b0030e9f7a2"},"name":"Alarm 2","object_id":"燃气报警器_alarm_2","origin":{"name":"Zigbee2MQTT","sw":"2.3.0","url":"https://www.zigbee2mqtt.io"},"payload_off":false,"payload_on":true,"state_topic":"zigbee2mqtt/燃气报警器","unique_id":"0x000d6f00164551d1_alarm_2_zigbee2mqtt","value_template":"{{ value_json.alarm_2 }}"}'
[2025-05-10 14:21:28] info: 	z2m:mqtt: MQTT publish: topic 'homeassistant/binary_sensor/0x000d6f00164551d1/tamper/config', payload '{"availability":[{"topic":"zigbee2mqtt/bridge/state","value_template":"{{ value_json.state }}"}],"device":{"hw_version":2,"identifiers":["zigbee2mqtt_0x000d6f00164551d1"],"manufacturer":"REXENSE","model":"Automatically generated definition","model_id":"HY0022","name":"燃气报警器","sw_version":"20181113 14:12","via_device":"zigbee2mqtt_bridge_0x00124b0030e9f7a2"},"device_class":"tamper","entity_category":"diagnostic","object_id":"燃气报警器_tamper","origin":{"name":"Zigbee2MQTT","sw":"2.3.0","url":"https://www.zigbee2mqtt.io"},"payload_off":false,"payload_on":true,"state_topic":"zigbee2mqtt/燃气报警器","unique_id":"0x000d6f00164551d1_tamper_zigbee2mqtt","value_template":"{{ value_json.tamper }}"}'
[2025-05-10 14:21:28] info: 	z2m:mqtt: MQTT publish: topic 'homeassistant/binary_sensor/0x000d6f00164551d1/battery_low/config', payload '{"availability":[{"topic":"zigbee2mqtt/bridge/state","value_template":"{{ value_json.state }}"}],"device":{"hw_version":2,"identifiers":["zigbee2mqtt_0x000d6f00164551d1"],"manufacturer":"REXENSE","model":"Automatically generated definition","model_id":"HY0022","name":"燃气报警器","sw_version":"20181113 14:12","via_device":"zigbee2mqtt_bridge_0x00124b0030e9f7a2"},"device_class":"battery","entity_category":"diagnostic","object_id":"燃气报警器_battery_low","origin":{"name":"Zigbee2MQTT","sw":"2.3.0","url":"https://www.zigbee2mqtt.io"},"payload_off":false,"payload_on":true,"state_topic":"zigbee2mqtt/燃气报警器","unique_id":"0x000d6f00164551d1_battery_low_zigbee2mqtt","value_template":"{{ value_json.battery_low }}"}'
[2025-05-10 14:21:28] info: 	z2m:mqtt: MQTT publish: topic 'homeassistant/sensor/0x000d6f00164551d1/linkquality/config', payload '{"availability":[{"topic":"zigbee2mqtt/bridge/state","value_template":"{{ value_json.state }}"}],"device":{"hw_version":2,"identifiers":["zigbee2mqtt_0x000d6f00164551d1"],"manufacturer":"REXENSE","model":"Automatically generated definition","model_id":"HY0022","name":"燃气报警器","sw_version":"20181113 14:12","via_device":"zigbee2mqtt_bridge_0x00124b0030e9f7a2"},"enabled_by_default":false,"entity_category":"diagnostic","icon":"mdi:signal","name":"Linkquality","object_id":"燃气报警器_linkquality","origin":{"name":"Zigbee2MQTT","sw":"2.3.0","url":"https://www.zigbee2mqtt.io"},"state_class":"measurement","state_topic":"zigbee2mqtt/燃气报警器","unique_id":"0x000d6f00164551d1_linkquality_zigbee2mqtt","unit_of_measurement":"lqi","value_template":"{{ value_json.linkquality }}"}'
[2025-05-10 14:21:52] info: 	z2m:mqtt: MQTT publish: topic 'zigbee2mqtt/bridge/response/device/configure', payload '{"data":{},"error":"Device '燃气报警器' cannot be configured","status":"error","transaction":"yhwmz-4"}'
[2025-05-10 14:21:57] info: 	z2m: Interviewing '燃气报警器'
[2025-05-10 14:21:57] info: 	zh:controller:device: Device '0x000d6f00164551d1' is only compliant to revision 'pre-21' of the ZigBee specification (current revision: 23).
[2025-05-10 14:21:58] info: 	z2m: Successfully interviewed '燃气报警器'
[2025-05-10 14:21:58] info: 	z2m:mqtt: MQTT publish: topic 'zigbee2mqtt/bridge/response/device/interview', payload '{"data":{"id":"燃气报警器"},"status":"ok","transaction":"yhwmz-5"}'
[2025-05-10 14:22:10] info: 	z2m: Starting network scan (includeRoutes 'false')
[2025-05-10 14:22:12] info: 	z2m: Network scan finished
[2025-05-10 14:22:12] info: 	z2m:mqtt: MQTT publish: topic 'zigbee2mqtt/bridge/response/networkmap', payload '{"data":{"routes":false,"type":"raw","value":{"links":[{"depth":1,"linkquality":254,"lqi":254,"relationship":1,"routes":[],"source":{"ieeeAddr":"0x000d6f0016689396","networkAddress":48747},"sourceIeeeAddr":"0x000d6f0016689396","sourceNwkAddr":48747,"target":{"ieeeAddr":"0x00124b0030e9f7a2","networkAddress":0},"targetIeeeAddr":"0x00124b0030e9f7a2"},{"depth":1,"linkquality":127,"lqi":127,"relationship":1,"routes":[],"source":{"ieeeAddr":"0x000d6f00164551d1","networkAddress":42245},"sourceIeeeAddr":"0x000d6f00164551d1","sourceNwkAddr":42245,"target":{"ieeeAddr":"0x00124b0030e9f7a2","networkAddress":0},"targetIeeeAddr":"0x00124b0030e9f7a2"},{"depth":0,"linkquality":255,"lqi":255,"relationship":0,"routes":[],"source":{"ieeeAddr":"0x00124b0030e9f7a2","networkAddress":0},"sourceIeeeAddr":"0x00124b0030e9f7a2","sourceNwkAddr":0,"target":{"ieeeAddr":"0x000d6f00164551d1","networkAddress":42245},"targetIeeeAddr":"0x000d6f00164551d1"}],"nodes":[{"failed":[],"friendlyName":"Coordinator","ieeeAddr":"0x00124b0030e9f7a2","networkAddress":0,"type":"Coordinator"},{"definition":{"description":"Automatically generated definition","model":"","supports":"linkquality","vendor":""},"friendlyName":"烟雾报警器","ieeeAddr":"0x000d6f0016689396","lastSeen":1746857138024,"networkAddress":48747,"type":"EndDevice"},{"definition":{"description":"Automatically generated definition","model":"HY0022","supports":"alarm_1, alarm_2, tamper, battery_low, linkquality","vendor":"REXENSE"},"failed":[],"friendlyName":"燃气报警器","ieeeAddr":"0x000d6f00164551d1","lastSeen":1746858118741,"manufacturerName":"REXENSE","modelID":"HY0022","networkAddress":42245,"type":"Router"}]}},"status":"ok","transaction":"yhwmz-6"}'
[2025-05-10 14:24:13] info: 	z2m: Starting network scan (includeRoutes 'false')
[2025-05-10 14:24:15] info: 	z2m: Network scan finished
[2025-05-10 14:24:15] info: 	z2m:mqtt: MQTT publish: topic 'zigbee2mqtt/bridge/response/networkmap', payload '{"data":{"routes":false,"type":"raw","value":{"links":[{"depth":1,"linkquality":254,"lqi":254,"relationship":1,"routes":[],"source":{"ieeeAddr":"0x000d6f0016689396","networkAddress":48747},"sourceIeeeAddr":"0x000d6f0016689396","sourceNwkAddr":48747,"target":{"ieeeAddr":"0x00124b0030e9f7a2","networkAddress":0},"targetIeeeAddr":"0x00124b0030e9f7a2"},{"depth":1,"linkquality":124,"lqi":124,"relationship":1,"routes":[],"source":{"ieeeAddr":"0x000d6f00164551d1","networkAddress":42245},"sourceIeeeAddr":"0x000d6f00164551d1","sourceNwkAddr":42245,"target":{"ieeeAddr":"0x00124b0030e9f7a2","networkAddress":0},"targetIeeeAddr":"0x00124b0030e9f7a2"},{"depth":0,"linkquality":255,"lqi":255,"relationship":0,"routes":[],"source":{"ieeeAddr":"0x00124b0030e9f7a2","networkAddress":0},"sourceIeeeAddr":"0x00124b0030e9f7a2","sourceNwkAddr":0,"target":{"ieeeAddr":"0x000d6f00164551d1","networkAddress":42245},"targetIeeeAddr":"0x000d6f00164551d1"}],"nodes":[{"failed":[],"friendlyName":"Coordinator","ieeeAddr":"0x00124b0030e9f7a2","networkAddress":0,"type":"Coordinator"},{"definition":{"description":"Automatically generated definition","model":"","supports":"linkquality","vendor":""},"friendlyName":"烟雾报警器","ieeeAddr":"0x000d6f0016689396","lastSeen":1746857138024,"networkAddress":48747,"type":"EndDevice"},{"definition":{"description":"Automatically generated definition","model":"HY0022","supports":"alarm_1, alarm_2, tamper, battery_low, linkquality","vendor":"REXENSE"},"failed":[],"friendlyName":"燃气报警器","ieeeAddr":"0x000d6f00164551d1","lastSeen":1746858118741,"manufacturerName":"REXENSE","modelID":"HY0022","networkAddress":42245,"type":"Router"}]}},"status":"ok","transaction":"ggtqn-1"}'
[2025-05-10 14:54:11] info: 	z2m:mqtt: MQTT publish: topic 'zigbee2mqtt/bridge/response/device/generate_external_definition', payload '{"data":{"id":"0x000d6f00164551d1","source":"import * as m from 'zigbee-herdsman-converters/lib/modernExtend';\n\nexport default {\n    zigbeeModel: ['HY0022'],\n    model: 'HY0022',\n    vendor: 'REXENSE',\n    description: 'Automatically generated definition',\n    extend: [m.iasZoneAlarm({\"zoneType\":\"generic\",\"zoneAttributes\":[\"alarm_1\",\"alarm_2\",\"tamper\",\"battery_low\"]})],\n    meta: {},\n};\n"},"status":"ok","transaction":"45tdo-1"}'
[2025-05-10 14:58:28] info: 	z2m: Starting network scan (includeRoutes 'false')
[2025-05-10 14:58:46] error: 	z2m: Failed to execute LQI for 'Coordinator'
[2025-05-10 14:59:04] error: 	z2m: Failed to execute LQI for '燃气报警器'
[2025-05-10 14:59:04] info: 	z2m: Network scan finished
[2025-05-10 14:59:04] info: 	z2m:mqtt: MQTT publish: topic 'zigbee2mqtt/bridge/response/networkmap', payload '{"data":{"routes":false,"type":"raw","value":{"links":[],"nodes":[{"failed":["lqi"],"friendlyName":"Coordinator","ieeeAddr":"0x00124b0030e9f7a2","networkAddress":0,"type":"Coordinator"},{"definition":{"description":"Automatically generated definition","model":"","supports":"linkquality","vendor":""},"friendlyName":"烟雾报警器","ieeeAddr":"0x000d6f0016689396","lastSeen":1746858956450,"networkAddress":48747,"type":"EndDevice"},{"definition":{"description":"Automatically generated definition","model":"HY0022","supports":"alarm_1, alarm_2, tamper, battery_low, linkquality","vendor":"REXENSE"},"failed":["lqi"],"friendlyName":"燃气报警器","ieeeAddr":"0x000d6f00164551d1","lastSeen":1746859311467,"manufacturerName":"REXENSE","modelID":"HY0022","networkAddress":42245,"type":"Router"}]}},"status":"ok","transaction":"45tdo-2"}'
[2025-05-10 15:00:51] info: 	z2m:mqtt: MQTT publish: topic 'zigbee2mqtt/bridge/response/device/generate_external_definition', payload '{"data":{"id":"0x000d6f0016689396","source":"\n\nexport default {\n    zigbeeModel: [''],\n    model: '',\n    vendor: '',\n    description: 'Automatically generated definition',\n    extend: [],\n    meta: {},\n};\n"},"status":"ok","transaction":"45tdo-3"}'
[2025-05-10 15:19:06] info: 	zh:zstack:znp: Port closed
[2025-05-10 15:19:06] info: 	zh:zstack:znp: closing
[2025-05-10 15:19:06] error: 	z2m: Adapter disconnected, stopping
[2025-05-10 15:19:06] info: 	z2m:mqtt: MQTT publish: topic 'zigbee2mqtt/bridge/state', payload '{"state":"offline"}'
[2025-05-10 15:19:06] info: 	z2m: Disconnecting from MQTT server
[2025-05-10 15:19:06] info: 	z2m: Stopping zigbee-herdsman...
[2025-05-10 15:19:06] info: 	z2m: Stopped zigbee-herdsman
[2025-05-10 15:19:06] info: 	z2m: Stopped Zigbee2MQTT
