[2025-05-10 15:33:42] info: 	z2m: Logging to console, file (filename: log.log)
[2025-05-10 15:33:42] info: 	z2m: Starting Zigbee2MQTT version 2.3.0 (commit #unknown)
[2025-05-10 15:33:42] info: 	z2m: Starting zigbee-herdsman (4.0.0)
[2025-05-10 15:33:42] info: 	zh:zstack:znp: Opening SerialPort with {"path":"/dev/ttyUSB0","baudRate":115200,"rtscts":false,"autoOpen":false}
[2025-05-10 15:33:42] info: 	zh:zstack:znp: Serialport opened
[2025-05-10 15:33:43] info: 	zh:zstack:znp: Writing CC2530/CC2531 skip bootloader payload
[2025-05-10 15:33:44] info: 	zh:zstack:znp: Skip bootloader for CC2652/CC1352
[2025-05-10 15:33:54] info: 	z2m: zigbee-herdsman started (resumed)
[2025-05-10 15:33:54] info: 	z2m: Coordinator firmware version: '{"meta":{"maintrel":1,"majorrel":2,"minorrel":7,"product":1,"revision":20240710,"transportrev":2},"type":"ZStack3x0"}'
[2025-05-10 15:33:54] info: 	z2m: 烟雾报警器 (0x000d6f0016689396): Not supported (EndDevice)
[2025-05-10 15:33:54] info: 	z2m: 燃气报警器 (0x000d6f00164551d1): Not supported (Router)
[2025-05-10 15:33:54] info: 	z2m: Currently 2 devices are joined.
[2025-05-10 15:33:54] info: 	z2m: Connecting to MQTT server at mqtt://192.168.31.104:1883
[2025-05-10 15:33:54] info: 	z2m: Connected to MQTT server
[2025-05-10 15:33:54] info: 	z2m:mqtt: MQTT publish: topic 'zigbee2mqtt/bridge/state', payload '{"state":"online"}'
[2025-05-10 15:33:54] info: 	z2m: Started frontend on port 8099
[2025-05-10 15:33:54] info: 	z2m:mqtt: MQTT publish: topic 'zigbee2mqtt/烟雾报警器', payload '{"linkquality":105}'
[2025-05-10 15:33:54] info: 	z2m:mqtt: MQTT publish: topic 'zigbee2mqtt/燃气报警器', payload '{"alarm_1":null,"alarm_2":null,"battery_low":null,"linkquality":123,"tamper":null}'
[2025-05-10 15:33:54] info: 	z2m: Zigbee2MQTT started!
[2025-05-10 15:33:59] info: 	z2m:mqtt: MQTT publish: topic 'homeassistant/binary_sensor/1221051039810110150109113116116_0x00124b0030e9f7a2/connection_state/config', payload '{"device":{"hw_version":"ZStack3x0 20240710","identifiers":["zigbee2mqtt_bridge_0x00124b0030e9f7a2"],"manufacturer":"Zigbee2MQTT","model":"Bridge","name":"Zigbee2MQTT Bridge","sw_version":"2.3.0"},"device_class":"connectivity","entity_category":"diagnostic","name":"Connection state","object_id":"zigbee2mqtt_bridge_connection_state","origin":{"name":"Zigbee2MQTT","sw":"2.3.0","url":"https://www.zigbee2mqtt.io"},"payload_off":"offline","payload_on":"online","state_topic":"zigbee2mqtt/bridge/state","unique_id":"bridge_0x00124b0030e9f7a2_connection_state_zigbee2mqtt","value_template":"{{ value_json.state }}"}'
[2025-05-10 15:33:59] info: 	z2m:mqtt: MQTT publish: topic 'homeassistant/sensor/0x000d6f0016689396/linkquality/config', payload '{"availability":[{"topic":"zigbee2mqtt/bridge/state","value_template":"{{ value_json.state }}"}],"device":{"identifiers":["zigbee2mqtt_0x000d6f0016689396"],"manufacturer":"","model":"Automatically generated definition","model_id":"","name":"烟雾报警器","via_device":"zigbee2mqtt_bridge_0x00124b0030e9f7a2"},"enabled_by_default":false,"entity_category":"diagnostic","icon":"mdi:signal","name":"Linkquality","object_id":"烟雾报警器_linkquality","origin":{"name":"Zigbee2MQTT","sw":"2.3.0","url":"https://www.zigbee2mqtt.io"},"state_class":"measurement","state_topic":"zigbee2mqtt/烟雾报警器","unique_id":"0x000d6f0016689396_linkquality_zigbee2mqtt","unit_of_measurement":"lqi","value_template":"{{ value_json.linkquality }}"}'
[2025-05-10 15:34:30] info: 	z2m: Zigbee: allowing new devices to join.
[2025-05-10 15:34:30] info: 	z2m:mqtt: MQTT publish: topic 'zigbee2mqtt/bridge/response/permit_join', payload '{"data":{"time":254},"status":"ok","transaction":"fzvnp-1"}'
[2025-05-10 15:34:32] info: 	z2m: Zigbee: disabling joining new devices.
[2025-05-10 15:34:32] info: 	z2m:mqtt: MQTT publish: topic 'zigbee2mqtt/bridge/response/permit_join', payload '{"data":{"time":0},"status":"ok","transaction":"fzvnp-2"}'
[2025-05-10 15:35:44] info: 	z2m:mqtt: MQTT publish: topic 'zigbee2mqtt/烟雾报警器', payload '{"linkquality":105}'
[2025-05-10 15:35:44] info: 	z2m:mqtt: MQTT publish: topic 'zigbee2mqtt/燃气报警器', payload '{"alarm_1":null,"alarm_2":null,"battery_low":null,"linkquality":123,"tamper":null}'
[2025-05-10 15:56:57] info: 	z2m:mqtt: MQTT publish: topic 'zigbee2mqtt/烟雾报警器', payload '{"linkquality":105}'
[2025-05-10 15:56:57] info: 	z2m:mqtt: MQTT publish: topic 'zigbee2mqtt/燃气报警器', payload '{"alarm_1":null,"alarm_2":null,"battery_low":null,"linkquality":123,"tamper":null}'
[2025-05-10 16:00:44] info: 	z2m:mqtt: MQTT publish: topic 'zigbee2mqtt/bridge/event', payload '{"data":{"friendly_name":"烟雾报警器","ieee_address":"0x000d6f0016689396"},"type":"device_announce"}'
[2025-05-10 16:00:44] info: 	zh:controller: Interview for '0x000d6f0016689396' started
[2025-05-10 16:00:44] info: 	z2m: Starting interview of '烟雾报警器'
[2025-05-10 16:00:44] info: 	z2m:mqtt: MQTT publish: topic 'zigbee2mqtt/bridge/event', payload '{"data":{"friendly_name":"烟雾报警器","ieee_address":"0x000d6f0016689396","status":"started"},"type":"device_interview"}'
[2025-05-10 16:01:04] error: 	zh:controller: Interview failed for '0x000d6f0016689396 with error 'Error: Interview failed because can not get active endpoints ('0x000d6f0016689396')'
[2025-05-10 16:01:04] error: 	z2m: Failed to interview '烟雾报警器', device has not successfully been paired
[2025-05-10 16:01:04] info: 	z2m:mqtt: MQTT publish: topic 'zigbee2mqtt/bridge/event', payload '{"data":{"friendly_name":"烟雾报警器","ieee_address":"0x000d6f0016689396","status":"failed"},"type":"device_interview"}'
[2025-05-11 11:33:47] info: 	z2m:mqtt: MQTT publish: topic 'zigbee2mqtt/烟雾报警器', payload '{"linkquality":80}'
[2025-05-11 11:33:47] info: 	z2m:mqtt: MQTT publish: topic 'zigbee2mqtt/燃气报警器', payload '{"alarm_1":null,"alarm_2":null,"battery_low":null,"linkquality":123,"tamper":null}'
[2025-05-11 15:02:06] info: 	z2m:mqtt: MQTT publish: topic 'zigbee2mqtt/bridge/state', payload '{"state":"offline"}'
[2025-05-11 15:02:06] info: 	z2m: Disconnecting from MQTT server
[2025-05-11 15:02:06] info: 	z2m: Stopping zigbee-herdsman...
[2025-05-11 15:02:12] error: 	zh:controller: Failed to disable join on stop: Error: SRSP - AF - dataRequestExt after 6000ms
[2025-05-11 15:02:18] error: 	z2m: Failed to stop Zigbee2MQTT (Error: SRSP - SYS - version after 6000ms
    at Object.start (/app/node_modules/.pnpm/zigbee-herdsman@4.0.0/node_modules/zigbee-herdsman/src/utils/waitress.ts:67:23)
    at /app/node_modules/.pnpm/zigbee-herdsman@4.0.0/node_modules/zigbee-herdsman/src/adapter/z-stack/znp/znp.ts:256:45
    at Queue.execute (/app/node_modules/.pnpm/zigbee-herdsman@4.0.0/node_modules/zigbee-herdsman/src/utils/queue.ts:36:26)
    at Znp.request (/app/node_modules/.pnpm/zigbee-herdsman@4.0.0/node_modules/zigbee-herdsman/src/adapter/z-stack/znp/znp.ts:249:27)
    at Znp.requestWithReply (/app/node_modules/.pnpm/zigbee-herdsman@4.0.0/node_modules/zigbee-herdsman/src/adapter/z-stack/znp/znp.ts:228:34)
    at AdapterBackup.getAdapterVersion (/app/node_modules/.pnpm/zigbee-herdsman@4.0.0/node_modules/zigbee-herdsman/src/adapter/z-stack/adapter/adapter-backup.ts:447:48)
    at AdapterBackup.createBackup (/app/node_modules/.pnpm/zigbee-herdsman@4.0.0/node_modules/zigbee-herdsman/src/adapter/z-stack/adapter/adapter-backup.ts:68:48)
    at ZStackAdapter.backup (/app/node_modules/.pnpm/zigbee-herdsman@4.0.0/node_modules/zigbee-herdsman/src/adapter/z-stack/adapter/zStackAdapter.ts:903:49)
    at Controller.backup (/app/node_modules/.pnpm/zigbee-herdsman@4.0.0/node_modules/zigbee-herdsman/src/controller/controller.ts:385:47)
    at Controller.stop (/app/node_modules/.pnpm/zigbee-herdsman@4.0.0/node_modules/zigbee-herdsman/src/controller/controller.ts:359:13))
